<?xml version="1.0" encoding="UTF-8"?>
<!-- Generated by org.testng.reporters.JUnitReportReporter -->
<testsuite skipped="0" hostname="lenovo-PC" name="verifyHeaders_API" tests="1" failures="0" timestamp="22 Feb 2020 09:51:16 GMT" time="9.556" errors="0">
  <testcase name="getWeatherDetails" time="9.556" classname="verifyHeaders_API"/>
</testsuite> <!-- verifyHeaders_API -->
