<?xml version="1.0" encoding="UTF-8"?>
<!-- Generated by org.testng.reporters.JUnitReportReporter -->
<testsuite skipped="0" hostname="lenovo-PC" name="DataDrivenTest.DataDriven_Demo" tests="3" failures="0" timestamp="24 Feb 2020 05:01:42 GMT" time="5.840" errors="0">
  <testcase name="AddnewEmp" time="0.978" classname="DataDrivenTest.DataDriven_Demo"/>
  <testcase name="AddnewEmp" time="0.975" classname="DataDrivenTest.DataDriven_Demo"/>
  <testcase name="AddnewEmp" time="3.887" classname="DataDrivenTest.DataDriven_Demo"/>
</testsuite> <!-- DataDrivenTest.DataDriven_Demo -->
