<?xml version="1.0" encoding="UTF-8"?>
<!-- Generated by org.testng.reporters.JUnitReportReporter -->
<testsuite skipped="0" hostname="lenovo-PC" name="Demo_Get1" tests="1" failures="0" timestamp="22 Feb 2020 08:40:31 GMT" time="5.168" errors="0">
  <testcase name="getWeatherDetails" time="5.168" classname="Demo_Get1"/>
</testsuite> <!-- Demo_Get1 -->
