<?xml version="1.0" encoding="UTF-8"?>
<!-- Generated by org.testng.reporters.JUnitReportReporter -->
<testsuite skipped="0" hostname="lenovo-PC" name="Basic_Auth_Verification" tests="1" failures="0" timestamp="22 Feb 2020 18:15:43 GMT" time="4.745" errors="0">
  <testcase name="Autorization" time="4.745" classname="Basic_Auth_Verification"/>
</testsuite> <!-- Basic_Auth_Verification -->
